<?xml version="1.0" encoding="UTF-8"?>
<!-- Generated by org.testng.reporters.JUnitReportReporter -->
<testsuite skipped="0" hostname="DESKTOP-UARE31A" name="testCases.Homepage" tests="1" failures="0" timestamp="01 Oct 2019 07:09:59 GMT" time="45.088" errors="0">
  <testcase name="Setup" time="45.088" classname="testCases.Homepage"/>
</testsuite> <!-- testCases.Homepage -->
